<?xml version="1.0" encoding="UTF-8"?>
<!-- Generated by org.testng.reporters.JUnitReportReporter -->
<testsuite hostname="julian-PC" name="au.com.vclass.automationtests.signin.SignInTest" tests="3" failures="0" timestamp="8 Jul 2015 07:59:54 GMT" time="84.853" errors="0">
  <testcase name="signInWithValidInfo" time="28.804" classname="au.com.vclass.automationtests.signin.SignInTest"/>
  <testcase name="signInWithInvalidInfo" time="23.277" classname="au.com.vclass.automationtests.signin.SignInTest"/>
  <testcase name="signInRemMe" time="32.772" classname="au.com.vclass.automationtests.signin.SignInTest"/>
</testsuite> <!-- au.com.vclass.automationtests.signin.SignInTest -->
