<?xml version="1.0" encoding="UTF-8"?>
<!-- Generated by org.testng.reporters.JUnitReportReporter -->
<testsuite hostname="julian-PC" name="au.com.vclass.automationtests.CombineTest" tests="4" failures="0" timestamp="6 Jul 2015 07:06:03 GMT" time="65.636" errors="0">
  <testcase name="pageNavigation" time="12.791" classname="au.com.vclass.automationtests.CombineTest"/>
  <testcase name="penColor" time="6.161" classname="au.com.vclass.automationtests.CombineTest"/>
  <testcase name="penThickness" time="25.374" classname="au.com.vclass.automationtests.CombineTest"/>
  <testcase name="zoomAndScale" time="21.310" classname="au.com.vclass.automationtests.CombineTest"/>
</testsuite> <!-- au.com.vclass.automationtests.CombineTest -->
