<?xml version="1.0" encoding="UTF-8"?>
<!-- Generated by org.testng.reporters.JUnitReportReporter -->
<testsuite hostname="localhost.localdomain" name="au.com.vclass.automationtests.signin.SignInTest" tests="3" failures="0" timestamp="27 Jul 2015 00:55:44 GMT" time="71.742" errors="0">
  <testcase name="signInWithValidInfo" time="22.677" classname="au.com.vclass.automationtests.signin.SignInTest"/>
  <testcase name="signInRemMe" time="26.647" classname="au.com.vclass.automationtests.signin.SignInTest"/>
  <testcase name="signInWithInvalidInfo" time="22.418" classname="au.com.vclass.automationtests.signin.SignInTest"/>
</testsuite> <!-- au.com.vclass.automationtests.signin.SignInTest -->
