<?xml version="1.0" encoding="UTF-8"?>
<!-- Generated by org.testng.reporters.JUnitReportReporter -->
<testsuite hostname="julian-PC" name="au.com.vclass.automationtests.SignInTest" tests="2" failures="0" timestamp="8 Jul 2015 07:57:27 GMT" time="51.220" errors="0">
  <testcase name="signInWithInvalidInfo" time="22.222" classname="au.com.vclass.automationtests.SignInTest"/>
  <testcase name="signInWithValidInfo" time="28.998" classname="au.com.vclass.automationtests.SignInTest"/>
</testsuite> <!-- au.com.vclass.automationtests.SignInTest -->
