<?xml version="1.0" encoding="UTF-8"?>
<!-- Generated by org.testng.reporters.JUnitReportReporter -->
<testsuite hostname="julian-PC" name="au.com.vclass.automationtests.SignInTest" tests="2" failures="0" timestamp="8 Jul 2015 07:03:04 GMT" time="63.254" errors="0">
  <testcase name="signInWithInvalidInfo" time="32.155" classname="au.com.vclass.automationtests.SignInTest"/>
  <testcase name="signInWithValidInfo" time="31.099" classname="au.com.vclass.automationtests.SignInTest"/>
</testsuite> <!-- au.com.vclass.automationtests.SignInTest -->
