<?xml version="1.0" encoding="UTF-8"?>
<!-- Generated by org.testng.reporters.JUnitReportReporter -->
<testsuite hostname="julian-PC" name="au.com.vclass.automationtests.NewTest" tests="1" failures="0" timestamp="8 Jul 2015 07:03:04 GMT" time="2.156" errors="0">
  <testcase name="meetingTest" time="2.156" classname="au.com.vclass.automationtests.NewTest"/>
</testsuite> <!-- au.com.vclass.automationtests.NewTest -->
