<?xml version="1.0" encoding="UTF-8"?>
<!-- Generated by org.testng.reporters.JUnitReportReporter -->
<testsuite hostname="localhost.localdomain" name="au.com.vclass.automationtests.signin.SignInTest" tests="3" failures="0" timestamp="31 Aug 2015 15:04:44 GMT" time="83.077" errors="0">
  <testcase name="signInWithValidInfo" time="25.982" classname="au.com.vclass.automationtests.signin.SignInTest"/>
  <testcase name="signInWithInvalidInfo" time="29.976" classname="au.com.vclass.automationtests.signin.SignInTest"/>
  <testcase name="signInRemMe" time="27.119" classname="au.com.vclass.automationtests.signin.SignInTest"/>
</testsuite> <!-- au.com.vclass.automationtests.signin.SignInTest -->
