<?xml version="1.0" encoding="UTF-8"?>
<!-- Generated by org.testng.reporters.JUnitReportReporter -->
<testsuite hostname="julian-PC" name="au.com.vclass.automationtests.signin.SignInTest" tests="3" failures="0" timestamp="8 Jul 2015 07:03:04 GMT" time="92.147" errors="0">
  <testcase name="signInRemMe" time="37.863" classname="au.com.vclass.automationtests.signin.SignInTest"/>
  <testcase name="signInWithValidInfo" time="27.611" classname="au.com.vclass.automationtests.signin.SignInTest"/>
  <testcase name="signInWithInvalidInfo" time="26.673" classname="au.com.vclass.automationtests.signin.SignInTest"/>
</testsuite> <!-- au.com.vclass.automationtests.signin.SignInTest -->
