<?xml version="1.0" encoding="UTF-8"?>
<!-- Generated by org.testng.reporters.JUnitReportReporter -->
<testsuite hostname="julian-PC" name="au.com.vclass.automationtests.CombineTest" tests="4" failures="0" timestamp="8 Jul 2015 07:03:03 GMT" time="70.444" errors="0">
  <testcase name="penColor" time="6.203" classname="au.com.vclass.automationtests.CombineTest"/>
  <testcase name="penThickness" time="30.764" classname="au.com.vclass.automationtests.CombineTest"/>
  <testcase name="zoomAndScale" time="20.840" classname="au.com.vclass.automationtests.CombineTest"/>
  <testcase name="pageNavigation" time="12.637" classname="au.com.vclass.automationtests.CombineTest"/>
</testsuite> <!-- au.com.vclass.automationtests.CombineTest -->
